[   0.00000] Inializing cousubsys cput[    0.00]] Itializg cgrou subsy cpu
[   0.000000Inialiinggrp ubsys cpac
    0.000000] Linux version 4.4.0-109-generic (buildd@lgw01-amd64-038) (gcc version 5.4.0010609 (Ubunt5..0-6ubuntu11604.5)) #132bbuntu S Tue Jn 9 19::39 UTC 218Ubntu 4.4.0-1.132-genec 4.98)
[  0000000] Comndline: BOT_IMAE=boot/vminuz-44.0-109-genri root=UUI67ac73-81dc-4fb-bea-aebcbe4440ro console=ty console=tyS0
    0.00000] ERNEL supportd us:
[    0.0000]  Intel GeuiInel
[    00000]   AMDAuhenticAMD
[   0.000]  Centar entaurHul
[   0.00000 x86/fpu:stte_offset[2]:  576, xstate_sizes[2]:  256
[    0.000000] x86/fpu: Supporting XSAVE feature 0x01: 'x87 floating point registers'
[    0.000000] x86/fpu: Supporting XSAVE feature 0x02: 'SSE registers'
[    0.000000] x86/fpu: Supporting XSAVE feature 0x04: 'AVX registers'
[    0.000000] x86/fpu: Enabled xstate features 0x7, context size is 832 bytes, using 'standard' format.
[    0.000000] x86/fpu: Using 'lazy' FPU context switches.
[    0.000000] e820: BIOS-provided physical RAM map:
[    0.000000] BIOS-e820: [mem 0x0000000000000000-0x000000000009fbff] usable
[    0.000000] BIOS-e820: [mem 0x000000000009fc00-0x000000000009ffff] reserved
[    0.000000] BIOS-e82: [me0x000000000f000-0x00000000fffff]esved
[   .00000] BIOS-e82 [mem 0x0000001000-0x000000ffffff] usbl
[    0.00000BIS-e820: [mem 0x000000007fff0000-0x000000007fffffff] ACPI data
[    0.000000] BIOS-e820: [mem 0x00000000fec00000-0x00000000fec00fff] reserved
[    0.000000] BIOS-e820: [mem 0x00000000fee00000-0x00000000fee00fff] reserved
[    0.000000] BIOS-e820: [mem 0x00000000fffc0000-0x00000000ffffffff] reserved
[    0.000000] NX (Execute Disable) protection: active
[    0.000000] SMBIOS 2.5 present.
[    0.000000] Hypervisor detected: KVM
[    0.000000] e820: last_pfn = 0x7fff0 max_arch_pfn = 0x400000000
[    0.000000] MTRR: Disabled
[    0.000000] x86/PAT: MTRRs disabled, skipping PAT initialization too.
[    0.000000] CPU MTRRs all blank - virtualized system.
[    0.000000] x86/PAT: Configuration [0-7]: WB  WT  UC- UC  WB  WT  UC- UC  
[    0.000000] found SMP MP-table at [mem 0x0009fff0-0x0009ffff] mapped at [ffff88000009fff0]
[    0.000000] Scanning 1 areas for low memory corruption
[    0.000000] RAMDISK: [mem 0x3381a000-0x35c04fff]
[    0.000000] ACPI: Early table checksum verification disabled
[    0.000000] ACPI: RSDP 0x00000000000E0000 000024 (v02 VBOX  )
[    0.000000] ACPI: XSDT 0x000000007FFF0030 00003C (v01 VBOX   VBOXXSDT 00000001 ASL  00000061)
[    0.000000] ACPI: FACP 0x000000007FFF00F0 0000F4 (v04 VBOX   VBOXFACP 00000001 ASL  00000061)
[    0.000000] ACPI: DSDT 0x000000007FFF0470 0021FF (v02 VBOX   VBOXBIOS 00000002 INTL 20160930)
[    0.000000] ACPI: FACS 0x000000007FFF0200 000040
[    0.000000] ACPI: FACS 0x000000007FFF0200 000040
[    0.000000] ACPI: APIC 0x000000007FFF0240 00005C (v02 VBOX   VBOXAPIC 00000001 ASL  00000061)
[    0.000000] ACPI: SSDT 0x000000007FFF02A0 0001CC (v01 VBOX   VBOXCPUT 00000002 INTL 20160930)
[    0.000000] No NUMA configuration found
[    0.000000] Faking a node at [mem 0x0000000000000000-0x000000007ffeffff]
[    0.000000] NODE_DATA(0) allocated [mem 0x7ffeb000-0x7ffeffff]
[    0.000000] kvm-clock: Using msrs 4b564d01 and b564d0
[    0.000000] kvm-clock: cpu 0, msr 0:7ffe3001, primary cpu clock
[    0.000000] kvm-clck: using sched offset of 4248181026 cycles
[    0.000000] clocksource: kvm-clock: mask: 0xffffffffffffffff max_cycles: 0x1cd42e4dffb, max_idle_ns: 881590591483 ns
[    0.000000] Zone ranges:
[    0.000000]   DMA      [mem 0x0000000000001000-0x0000000000ffffff]
[    0.000000]   DMA32    [mem 0x0000000001000000-0x000000007ffeffff]
[    0.000000]   Normal   empty
[    0.000000]   Device   empty
[    0.000000] Movable zone start for each node
[    0.000000] Early memory node ranges
[    0.000000]   node   0: [mem 0x0000000000001000-0x000000000009efff]
[    0.000000]   node   0: [mem 0x0000000000100000-0x000000007ffeffff]
[    0.000000] Initmem setup node 0 [mem 0x0000000000001000-0x000000007ffeffff]
[    0000000 ACPI: -TimerIO Po: x4008
[    0.0000] IOAPIC[0 apic_id  vsion 32, ares 0xfc00000GSI 0-23
[    0.00000] ACP: NT_SC_OVR (bu 0bus_irq 0 gob_irq 2 df d)
[    0.00]] ACP: INT_RCOVR (bus 0 buirq 9 gob_irq 9 lolel)
[    0000 Using ACPI (MADT) for SMP cnfurtion informti
     0.000000] smpbot: Allowing 2 CPUs, 0 hotpg CPU
[    0.000000] PM: Registered nosave memory: [mem 0x00000000-0x00000fff]
[    0.000000] PM: Registered nosave memory: [mem 0x0009f000-0x0009ffff]
[    0.000000] PM: Rgistered nove memory: [mem 0x000a0000-0x000effff]
[    0.000000] PM: Registered nosave memory: [mem 0x000f0000-0x000fffff]
[    0.000000] e820: [mem 0880000000-febfffff] aille for PCI devies[[    0.0000Booting paravirtualized kernel on KVM
[    0.000000] clocksource: refined-jiffies: mask: 0xffffffff max_cycles: 0xffffffff, max_idle_ns: 7645519600211568 ns
[    0.000000] setup_percpu: NR_CPUS:512 nr_cpumask_bits:512 nr_cpu_ids:2 nr_node_ids:1
[    0.000000] PERCPU: Embedded 34 pages/cpu @ffff88007fc00000 s99544 r892d31528 u1048576
[    0.000000] PV qspinlock hash table entries: 256 (order: 0, 4096 bytes)
[    0.000000] Built 1 zonelists in Node order, mobility grouping on.  Total pages: 515961
[    0.000000] Policy zone: DMA32
[    0.000000] Kernel command line: BOOIMAGE=/boot/vmliuz-4.4.10-generic root=UID=676eac3-dc-4fbd-bdea-aebe42240 ro conse=ty1 consolettS0
[   0.00000] PID hah abe entrs:4066 (orde:  32768 byes
[    0.0000Memory: 279K/209696Kvalable (485Kkenel cod, 1308  rwdata, 98K rodata,50K init, 1316Kbs, 872K reserved 0ccma-resrv)
[  0.00000] SLUB:HWlin=64, Order0-3, MinObjects=0, CPUs=2, Nodes=1
[    0.000000] Kernel/User page tables oltion: enabed[    0.0000 Herarchical CUmplementation.
[    0.000000] 	Build-time adjustment of leaf fanout to 64.
[    0.000000] 	RCU restricting CPUs from NR_CPUS=512 to nr_cpu_ids=2.
[    0.000000] RCU: Adjusting geometry for rcu_fanout_leaf=64, nr_cpu_ids=2
[    0.000000] NR_IRQS:33024 nr_irqs:440 16
[    0.000000] Console: colour VGA+ 80x25
[    0.000000] console [tty1] enabled
[    0.000000] console [ttyS0] enabled
[    0.000000] tsc: Detected 2793.576 MHz processor
[   11.737597] Calibrating delay loop (skipped) preset value.. 5587.15 BogoMIPS (lpj=11174304)
[   11.739272] pid_max: default: 32768 minimum: 301
[   11.748905] ACPI: Core revision 20150930
[   11.750358] ACPI: 2 ACPI AML tables successfully acquired and loaded
[   11.751314] Security Framework initialized
[   11.837351] Yama: becoming mindful.
[   11.937778] AppArmor: AppArmor initialized
[   12.128283] Dentry cache hash table entries: 262144 (order: 9, 2097152 bytes)
[   12.361893] Inode-cache hash table entries: 131072 (order: 8, 1048576 bytes)
[   12.730536] Mount-cache hash table entries: 4096 (order: 3, 32768 bytes)
[   12.834304] Mountpoint-cache hash table entries: 4096 (order: 3, 32768 bytes)
[   12.836048] Initializing cgroup subsys io
[   12.837213] Initializing cgroup subsys memory
[   12.838414] Initializing cgroup subsys devices
[   12.839634] Initializing cgroup subsys freezer
[   12.841678] Initializing cgroup subsys net_cls
[   12.864651] Initializing cgroup subsys perf_event
[   12.865299] Initializing cgroup subsys net_prio
[   12.865900] Initializing cgroup subsys hugetlb
[   12.866486] Initializing cgroup subsys pids
[   12.867112] CPU: Physical Processor ID: 0
[   12.867661] CPU: Processor Core ID: 0
[   12.868948] mce: CPU supports 0 MCE banks
[   12.869544] Last level iTLB entries: 4KB 1024, 2MB 1024, 4MB 1024
[   12.870281] Last level dTLB entries: 4KB 1024, 2MB 1024, 4MB 1024, 1GB 4
[   12.872485] Freeing SMP alternatives memory: 32K
[   12.879120] ftrace: allocating 32171 entries in 126 pages
[   12.960496] smpboot: APIC(0) Converting physical 0 to logical package 0
[   12.962384] smpboot: Max logical packages: 1
[   12.963154] x2apic enabled
[   12.963749] Switched APIC routing to physical x2apic.
[   12.965293] ..TIMER: vector=0x30 apic1=0 pin1=2 apic2=-1 pin2=-1
[   13.073695] smpboot: CPU0: Intel(R) Core(TM) i7-4810MQ CPU @ 2.80GHz (family: 0x6, model: 0x3c, stepping: 0x3)
[   13.078484] Performance Events: unsupported p6 CPU model 60 no PMU driver, software events only.
[   13.079698] KVM setup paravirtual spinlock
[   13.081303] x86: Booting SMP configuration:
[   13.081886] .... node  #0, CPUs:      #1
[   13.082516] kvm-clock: cpu 1, msr 0:7ffe3041, secondary cpu clock
[   13.083801] mce: CPU supports 0 MCE banks
[   13.086134] x86: Booted up 1 node, 2 CPUs
[   13.156711] smpboot: Total of 2 processors activated (11174.30 BogoMIPS)
[   13.479507] devtmpfs: initialized
[   13.598656] evm: security.selinux
[   13.777846] evm: security.SMACK64
[   13.881221] evm: security.SMACK64EXEC
[   13.881791] evm: security.SMACK64TRANSMUTE
[   13.882429] evm: security.SMACK64MMAP
[   13.883022] evm: security.ima
[   13.883539] evm: security.capability
[   13.884333] clocksource: jiffies: mask: 0xffffffff max_cycles: 0xffffffff, max_idle_ns: 7645041785100000 ns
[   13.885747] futex hash table entries: 512 (order: 3, 32768 bytes)
[   13.886737] pinctrl core: initialized pinctrl subsystem
[   13.889922] RTC time: 20:08:54, date: 01/23/18
[   13.890720] NET: Registered protocol family 16
[   13.981690] cpuidle: using governor ladder
[   14.077963] cpuidle: using governor menu
[   14.115075] PCCT header not found.
[   14.121965] ACPI: bus type PCI registered
[   14.122512] acpiphp: ACPI Hot Plug PCI Controller Driver version: 0.5
[   14.124588] PCI: Using configuration type 1 for base access
[   14.168705] ACPI: Added _OSI(Module Device)
[   14.205455] ACPI: Added _OSI(Processor Device)
[   14.316947] ACPI: Added _OSI(3.0 _SCP Extensions)
[   14.393885] ACPI: Added _OSI(Processor Aggregator Device)
[   14.593447] ACPI: Executed 1 blocks of module-level executable AML code
[   14.697120] ACPI: Interpreter enabled
[   14.702017] ACPI: (supports S0 S5)
[   14.702507] ACPI: Using IOAPIC for interrupt routing
[   14.703256] PCI: Using host bridge windows from ACPI; if necessary, use "pci=nocrs" and report a bug
[   14.706833] ACPI: PCI Root Bridge [PCI0] (domain 0000 [bus 00-ff])
[   14.826454] acpi PNP0A03:00: _OSC: OS supports [ASPM ClockPM Segments MSI]
[   14.832588] acpi PNP0A03:00: _OSC: not requesting OS control; OS requires [ExtendedConfig ASPM ClockPM MSI]
[   14.890583] acpi PNP0A03:00: fail to add MMCONFIG information, can't access extended PCI configuration space under this bridge.
[   14.893481] PCI host bridge to bus 0000:00
[   14.894486] pci_bus 0000:00: root bus resource [io  0x0000-0x0cf7 window]
[   14.895761] pci_bus 0000:00: root bus resource [io  0x0d00-0xffff window]
[   14.897034] pci_bus 0000:00: root bus resource [mem 0x000a0000-0x000bffff window]
[   14.898662] pci_bus 0000:00: root bus resource [mem 0x80000000-0xfdffffff window]
[   14.900264] pci_bus 0000:00: root bus resource [bus 00-ff]
[   14.903076] pci 0000:00:01.1: legacy IDE quirk: reg 0x10: [io  0x01f0-0x01f7]
[   14.904397] pci 0000:00:01.1: legacy IDE quirk: reg 0x14: [io  0x03f6]
[   14.905533] pci 0000:00:01.1: legacy IDE quirk: reg 0x18: [io  0x0170-0x0177]
[   14.906516] pci 0000:00:01.1: legacy IDE quirk: reg 0x1c: [io  0x0376]
[   14.936532] pci 0000:00:07.0: quirk: [io  0x4000-0x403f] claimed by PIIX4 ACPI
[   15.103910] pci 0000:00:07.0: quirk: [io  0x4100-0x410f] claimed by PIIX4 SMB
[   15.346437] ACPI: PCI Interrupt Link [LNKA] (IRQs 5 9 10 *11)
[   15.558103] ACPI: PCI Interrupt Link [LNKB] (IRQs 5 9 *10 11)
[   15.615025] ACPI: PCI Interrupt Link [LNKC] (IRQs 5 *9 10 11)
[   15.825437] ACPI: PCI Interrupt Link [LNKD] (IRQs 5 9 10 *11)
[   16.028756] ACPI: Enabled 2 GPEs in block 00 to 07
[   16.029966] vgaarb: setting as boot device: PCI:0000:00:02.0
[   16.049631] vgaarb: device added: PCI:0000:00:02.0,decodes=io+mem,owns=io+mem,locks=none
[   16.050725] vgaarb: loaded
[   16.051192] vgaarb: bridge control possible 0000:00:02.0
[   16.052094] SCSI subsystem initialized
[   16.052716] ACPI: bus type USB registered
[   16.053307] usbcore: registered new interface driver usbfs
[   16.054028] usbcore: registered new interface driver hub
[   16.129421] usbcore: registered new device driver usb
[   16.229976] PCI: Using ACPI for IRQ routing
[   16.254093] NetLabel: Initializing
[   16.254604] NetLabel:  domain hash size = 128
[   16.255201] NetLabel:  protocols = UNLABELED CIPSOv4
[   16.255837] NetLabel:  unlabeled traffic allowed by default
[   16.256701] amd_nb: Cannot enumerate AMD northbridges
[   16.257412] clocksource: Switched to clocksource kvm-clock
[   16.263400] AppArmor: AppArmor Filesystem Enabled
[   16.266110] pnp: PnP ACPI init
[   16.267103] pnp: PnP ACPI: found 3 devices
[ 16764]losoce: acpi_pm: mas: ffffaxcyes0xff, x_iles:0801024 ns
[ 17.47] T:egstedrocofaly
[   18.612813] TCP established hash table entries: 16384 (order: 5, 131072 bytes)
[ 19361]CPinha tleentries: 16384 orr:6, 262144 bytes)
[   20.157365] TCP: Hash tables cofire(eabsh 16384 bind 16384)
[   20.884764] UDP hash table entries: 1024 (order: 3, 32768 bytes)
[ 21963]DPite hah able entries: 104 rd:  368ytes
  2.3643] NET: Registered protocol family 1
[   22.580639] pci 0000:00:00.0: Limiting direct PCI/PCI transfers
[   22.581395] pci 0000:00:01.0: Activating ISA DMA hang workarounds
[   22.582272] Unpacking initramfs...

[   23.363172] Freeing initrd memory: 36780K
[   23.311887] RAPL PM  detccte,, API nntt is ^^332 Jolles, 4 fixed oountrrs 00737418200 ms ovfl timer
[   24.414824] hw unit of domain pp0-core 2^-0 Joules
[   24.419806] hw unit of domain package 2^-0 Joules
[   24.420429] hw unit of domain dram 2^-0 Joules
[   24.421014] hw unit of domain pp1-gpu 2^-0 Joules
[   24.421732] platform rtc_cmos: registered platform RTC device (no PNP device found)
[   24.422806] Scanning for low memory corruption every 60 seconds
[   24.423953] audit: initializing netlink subsys (disabled)
[   24.424660] audit: type=2000 audit(1516738134.123:1): initialized
[   24.425630] Initialise system trusted keyring
[   24.426463] HugeTLB registered 2 MB page size, pre-allocated 0 pages
[   24.428209] zbud: loaded
[   24.428894] VFS: Disk quotas dquot_6.6.0
[   24.429465] VFS: Dquot-cache hash table entries: 512 (order 0, 4096 bytes)
[   24.430507] squashfs: version 4.0 (2009/01/31) Phillip Lougher
[   24.431497] fuse init (API version 7.23)
[   24.432152] Key type big_key registered
[   24.432703] Allocating IMA MOK and blacklist keyrings.
[   24.434382] Key type asymmetric registered
[   24.434967] Asymmetric key parser 'x509' registered
[   24.435636] Block layer SCSI generic (bsg) driver version 0.4 loaded (major 249)
[   24.436685] io scheduler noop registered
[   24.437242] io scheduler deadline registered (default)
[   24.437944] io scheduler cfq registered
[   24.438548] pci_hotplug: PCI Hot Plug PCI Core version: 0.5
[   24.439260] pciehp: PCI Express Hot Plug Controller Driver version: 0.4
[   24.440133] ACPI: AC Adapter [AC] (on-line)
[   24.440735] input: Power Button as /devices/LNXSYSTM:00/LNXPWRBN:00/input/input0
[   24.441733] ACPI: Power Button [PWRF]
[   24.442324] input: Sleep Button as /devices/LNXSYSTM:00/LNXSLPBN:00/input/input1
[   24.443332] ACPI: Sleep Button [SLPF]
[   24.444425] ACPI: Battery Slot [BAT0] (battery present)
[   24.451418] GHES: HEST is not enabled!
[   24.505544] Serial: 8250/16550 driver, 32 ports, IRQ sharing enabled
[   24.527674] 00:02: ttyS0 at I/O 0x3f8 (irq = 4, base_baud = 115200) is a 16550A
[   24.533621] Linux agpgart interface v0.103
[   24.535951] loop: module loaded
[   24.536994] scsi host0: ata_piix
[   24.537683] scsi host1: ata_piix
[   24.538236] ata1: PATA max UDMA/33 cmd 0x1f0 ctl 0x3f6 bmdma 0xd000 irq 14
[   24.539111] ata2: PATA max UDMA/33 cmd 0x170 ctl 0x376 bmdma 0xd008 irq 15
[   24.540050] libphy: Fixed MDIO Bus: probed
[   24.540686] tun: Universal TUN/TAP device driver, 1.6
[   24.541380] tun: (C) 1999-2004 Max Krasnyansky <maxk@qualcomm.com>
[   24.542234] PPP generic driver version 2.4.2
[   24.542895] ehci_hcd: USB 2.0 'Enhanced' Host Controller (EHCI) Driver
[   24.543743] ehci-pci: EHCI PCI platform driver
[   24.544406] ehci-platform: EHCI generic platform driver
[   24.546137] ohci_hcd: USB 1.1 'Open' Host Controller (OHCI) Driver
[   24.546877] ohci-pci: OHCI PCI platform driver
[   24.547467] ohci-platform: OHCI generic platform driver
[   24.548130] uhci_hcd: USB Universal Host Controller Interface driver
[   24.548922] i8042: PNP: PS/2 Controller [PNP0303:PS2K,PNP0f03:PS2M] at 0x60,0x64 irq 1,12
[   24.550415] serio: i8042 KBD port at 0x60,0x64 irq 1
[   24.551049] serio: i8042 AUX port at 0x60,0x64 irq 12
[   24.551753] mousedev: PS/2 mouse device common for all mice
[   24.552628] input: AT Translated Set 2 keyboard as /devices/platform/i8042/serio0/input/input2
[   24.554061] rtc_cmos rtc_cmos: rtc core: registered rtc_cmos as rtc0
[   24.554870] rtc_cmos rtc_cmos: alarms up to one day, 114 bytes nvram
[   24.555646] i2c /dev entries driver
[   24.556196] device-mapper: uevent: version 1.0.3
[   24.556855] device-mapper: ioctl: 434-itl20-128iniased: dm-devel@redht.om
[   25.417723] tsc: Refined TSC clocksource calibration: 2792.887 MHz
[   25.417725] clocksource: tsc: mask: 0xffffffffffffffff max_cycles: 0x28420170924, max_idle_ns: 440795280860 ns
[   26.284915] ledtrig-cpu: registered to indicate activity on CPUs
[   26.287407] NET: Registered protocol family 10
[   26.290220] NET: Registered protocol family 17
[   26.294093] Key type dns_resolver registered
[   26.294829] microcode: CPU0 sig=0x306c3, pf=0x40, revision=0x0
[   26.295581] microcode: CPU1 sig=0x306c3, pf=0x40, revision=0x0
[   26.296457] microcode: Microcode Update Driver: v2.01 <tigran@aivazian.fsnet.co.uk>, Peter Oruba
[   26.314140] registered taskstats version 1
[   26.387215] Loading compiled-in X.509 certificates
[   26.398624] Loaded X.509 cert 'Build time autogenerated kernel key: 96e61bd247bb6c4e82ca419795a98fcb171b0e99'
[   26.399946] zswap: loaded using pool lzo/zbud
[   26.402322] Key type trusted registered
[   26.405818] Key type encrypted registered
[   26.600440] AppArmor: AppArmor sha1 policy hashing enabled
[   26.618962] ima: No TPM chip found, activating TPM-bypass!
[   26.619734] evm: HMAC attrs: 0x1
[   26.620568]   Magic number: 2:883:144
[   26.630935] ata_port ata1: hash matches
[   26.631481]  ata1: hash matches
[   26.632026] rtc_cmos rtc_cmos: setting system clock to 2018-01-23 20:09:06 UTC (1516738146)
[   26.633233] BIOS EDD facility v0.16 2004-Jun-25, 0 devices found
[   26.634005] EDD information not available.
[   26.635522] Freeing unused kernel memory: 1508K
[   26.636134] Write protecting the kernel read-only data: 14336k
[   26.637200] Freeing unused kernel memory: 1744K
[   26.638015] Freeing unused kernel memory: 108K
Loading, please [   26.813832] random: systemd-udevd: uninitialized urandom read (16 bytes read, 3 bits of entropy available)
wait...
startin[   26.814488] random: udevadm: uninitialized urandom read (16 bytes read, 3 bits of entropy available)
g version 229
[   26.814511] random: udevadm: uninitialized urandom read (16 bytes read, 3 bits of entropy available)
[   26.824116] random: udevadm: uninitialized urandom read (16 bytes read, 3 bits of entropy available)
[   26.824209] random: udevadm: uninitialized urandom read (16 bytes read, 3 bits of entropy available)
[   26.824360] random: udevadm: uninitialized urandom read (16 bytes read, 3 bits of entropy available)
[   26.824414] random: udevadm: uninitialized urandom read (16 bytes read, 3 bits of entropy available)
[   26.824470] random: udevadm: uninitialized urandom read (16 bytes read, 3 bits of entropy available)
[   26.824524] random: udevadm: uninitialized urandom read (16 bytes read, 3 bits of entropy available)
[   26.824576] random: udevadm: uninitialized urandom read (16 bytes read, 3 bits of entropy available)
[   28.799205] ACPI: Video Device [GFX0] (multi-head: yes  rom: no  post: no)
[   29.212587] input: Video Bus as /devices/LNXSYSTM:00/LNXSYBUS:00/PNP0A03:00/LNXVIDEO:00/input/input4
[   29.759082] e1000: Intel(R) PRO/1000 Network Driver - version 7.3.21-k8-NAPI
[   30.158042] e1000: Copyright (c) 1999-2006 Intel Corporation.
[   30.166524] FUJITSU Extended Socket Network Device Driver - version 1.0 - Copyright (c) 2015 FUJITSU LIMITED
[   30.235274] Fusion MPT base driver 3.04.20
[   30.369949] Copyright (c) 1999-2008 LSI Corporation
[   30.373089] Fusion MPT SPI Host driver 3.04.20
[   30.404686] input: ImExPS/2 Generic Explorer Mouse as /devices/platform/i8042/serio1/input/input5
[   30.438125] AVX2 version of gcm_enc/dec engaged.
[   30.438767] AES CTR mode by8 optimization enabled
[   31.443870] e1000 0000:00:03.0 eth0: (PCI:33MHz:32-bit) 02:38:07:4c:82:85
[   31.734118] e1000 0000:00:03.0 eth0: Intel(R) PRO/1000 Network Connection
[   32.496818] e1000 0000:00:08.0 eth1: (PCI:33MHz:32-bit) 08:00:27:e0:de:0c
[   32.746808] e1000 0000:00:08.0 eth1: Intel(R) PRO/1000 Network Connection
[   32.760513] e1000 0000:00:03.0 enp0s3: renamed from eth0
[   32.761462] mptbase: ioc0: Initiating bringup
[   32.793611] e1000 0000:00:08.0 enp0s8: renamed from eth1
[   33.073777] ioc0: LSI53C1030 A0: Capabilities={Initiator[   33.518980] floppy0: no floppy controllers found

[   33.521292] }
[   33.725840] scsi host2: ioc0: LSI53C1030 A0, FwRev=00000000h, Ports=1, MaxQ=256, IRQ=20
[   34.695107] scsi 2:0:0:0: Direct-Access     VBOX     HARDDISK         1.0  PQ: 0 ANSI: 5
[   35.115020] scsi target2:0:0: Beginning Domain Validation
[   35.623052] scsi target2:0:0: Domain Validation skipping write tests
[   36.455575] scsi target2:0:0: Ending Domain Validation
[   36.574958] scsi target2:0:0: asynchronous
[   36.815362] scsi 2:0:1:0: Direct-Access     VBOX     HARDDISK         1.0  PQ: 0 ANSI: 5
[   37.624468] scsi target2:0:1: Beginning Domain Validation
[   38.359649] scsi target2:0:1: Domain Validation skipping write tests
[   39.094604] scsi target2:0:1: Ending Domain Validation
[   39.824460] scsi target2:0:1: asynchronous
[   39.991406] sd 2:0:0:0: [sda] 20971520 512-byte logical blocks: (10.7 GB/10.0 GiB)
[   39.991776] sd 2:0:0:0: Attached scsi generic sg0 type 0
[   40.019068] sd 2:0:0:0: [sda] Write Protect is off
[   40.019324] sd 2:0:1:0: Attached scsi generic sg1 type 0
[   40.197505] sd 2:0:1:0: [sdb] 20480 512-byte logical blocks: (10.5 MB/10.0 MiB)
[   40.197536] sd 2:0:0:0: [sda] Incomplete mode parameter data
[   40.197537] sd 2:0:0:0: [sda] Assuming drive cache: write through
[   40.200608] sd 2:0:1:0: [sdb] Write Protect is off
[   40.202392]  sda: sda1
[   40.203482] sd 2:0:1:0: [sdb] Incomplete mode parameter data
[   40.203537] sd 2:0:0:0: [sda] Attached SCSI disk
[   40.208404] sd 2:0:1:0: [sdb] Assuming drive cache: write through
[   40.211862] sd 2:0:1:0: [sdb] Attached SCSI disk
Begin: Loading e[   41.666461] md: linear personality registered for level -1
ssential drivers ... [   41.677656] md: multipath personality registered for level -4
[   41.717920] md: raid0 personality registered for level 0
[   41.737462] md: raid1 personality registered for level 1
[   41.814282] raid6: sse2x1   gen()  2411 MB/s
[   41.905445] raid6: sse2x1   xor()  2228 MB/s
[   42.429283] raid6: sse2x2   gen()  7068 MB/s
[   42.544295] raid6: sse2x2   xor()  2234 MB/s
[   43.049991] raid6: sse2x4   gen()  7348 MB/s
[   43.474337] raid6: sse2x4   xor()  2233 MB/s
[   43.672829] raid6: avx2x1   gen() 12776 MB/s
[   43.775794] raid6: avx2x2   gen() 17255 MB/s
[   43.876477] raid6: avx2x4   gen() 17894 MB/s
[   43.894917] raid6: using algorithm avx2x4 gen() 17894 MB/s
[   43.895719] raid6: using avx2x2 recovery algorithm
[   43.897435] xor: automatically using best checksumming function:
[   44.037462]    avx       : 30571.000 MB/sec
[   44.116403] async_tx: api initialized (async)
[   44.131087] md: raid6 personality registered for level 6
[   44.204963] md: raid5 personality registered for level 5
[   44.205674] md: raid4 personality registered for level 4
[   44.212153] md: raid10 personality registered for level 10
done.
Begin: Running /scripts/init-premount ... done.
Begin: Mounting root file system ... Begin: Running /scripts/local-top ... done.
Begin: Running /scripts/local-premount ... [   44.648361] Btrfs loaded
Scanning for Btrfs filesystems
done.
Warning: fsck no[   44.730813] EXT4-fs (sda1): INFO: recovery required on readonly filesystem
t present, so skipping root file system
[   44.925116] EXT4-fs (sda1): write access will be enabled during recovery
[   45.691072] EXT4-fs (sda1): orphan cleanup on readonly fs
[   46.372787] EXT4-fs (sda1): 21 orphan inodes deleted
[   46.774664] EXT4-fs (sda1): recovery complete
[   47.225663] EXT4-fs (sda1): mounted filesystem with ordered data mode. Opts: (null)
done.
Begin: Running /scripts/local-bottom ... done.
Begin: Running /scripts/init-bottom ... done.
[   47.542568] systemd[1]: systemd 229 running in system mode. (+PAM +AUDIT +SELINUX +IMA +APPARMOR +SMACK +SYSVINIT +UTMP +LIBCRYPTSETUP +GCRYPT +GNUTLS +ACL +XZ -LZ4 +SECCOMP +BLKID +ELFUTILS +KMOD -IDN)
[   47.777976] systemd[1]: Detected virtualization oracle.
[   47.838155] systemd[1]: Detected architecture x86-64.

Welcome to [1mUbuntu 16.04.3 LTS[0m!

[   47.8011]systemd[1]: Set hostname to <ubuntu-xenial>.
[   48.062524] random: nonblocking pool is initialized
[   48.213169] systemd[1]: Listening on Journal Audit Socket.
[[0;32m  OK  [0m] Listening on Journal Audit Socket.
[   48.221314] systemd[1]: Reached target Swap.
[[0;32m  OK  [0m] Reached target Swap.
[   48.244409] systemd[1]: Started Trigger resolvconf update for networkd DNS.
[[0;32m  OK  [0m] Started Trigger resolvconf update for networkd DNS.
[   48.256211] systemd[1]: Listening on Journal Socket (/dev/log).
[[0;32m  OK  [0m] Listening on Journal Socket (/dev/log).
[   48.259445] systemd[1]: Listening on Journal Socket.
[[0;32m  OK  [0m] Listening on Journal Socket.
[   48.261400] systemd[1]: Created slice User and Session Slice.
[[0;32m  OK  [0m] Created slice User and Session Slice.
[   48.264367] systemd[1]: Listening on udev Control Socket.
[[0;32m  OK  [0m] Listening on udev Control Socket.
[   48.275136] systemd[1]: Started Forward Password Requests to Wall Directory Watch.
[[0;32m  OK  [0m] Started Forward Password Requests to Wall Directory Watch.
[   48.277218] systemd[1]: Reached target System Time Synchronized.
[[0;32m  OK  [0m] Reached target System Time Synchronized.
[   48.279231] systemd[1]: Reached target User and Group Name Lookups.
[[0;32m  OK  [0m] Reached target User and Group Name Lookups.
[   48.281282] systemd[1]: Reached target Encrypted Volumes.
[[0;32m  OK  [0m] Reached target Encrypted Volumes.
[ 48345] systemd[1]: Listening on /dev/initctl Compatibility Named Pipe.
[[0;32m  OK  [0m] Listening on /dev/initctl Compatibility Named Pipe.
[   48.660867] systemd[1]: Listening on LVM2 poll daemon socket.
[[0;32m  OK  [0m] Listening on LVM2 poll daemon socket.
[   48.668445] systemd[1]: Created slice System Slice.
[[0;32m  OK  [0m] Created slice System Slice.
[   48.671205] systemd[1]: Reached target Slices.
[[0;32m  OK  [0m] Reached target Slices.
[   48.681596] systemd[1]: Starting Nameserver information manager...
         Starting Nameserver information manager...
[   48.729822] systemd[1]: Starting Set console keymap...
         Starting Set console keymap...
[   48.810175] systemd[1]: Created slice system-serial\x2dgetty.slice.
[[0;32m  OK  [0m] Created slice system-serial\x2dgetty.slice.
[   48.889445] systemd[1]: Starting Load Kernel Modules...
         [   48.909157] Loading iSCSI transport class v2.0-870.
Starting Load Kernel Modules...
[   48.976535] systemd[1]: Starting Remount Root and Kernel File Systems...
         [   48.989378] iscsi: registered transport (tcp)
Starting Remount Root and Kernel File Systems...
[   48.991184] systemd[1]: Mounting POSIX Message Queue File System...
         [   48.998074] EXT4-fs (sda1): re-mounted. Opts: (null)
Mounting POSIX Message Queue File System...
[   49.013625] systemd[1]: Mounting Huge Pages File System...
         Mounting Huge Pa[   49.508550] iscsi: registered transport (iser)
ges File System...
[   50.025911] systemd[1]: Listening on Syslog Socket.
[[0;32m  OK  [0m] Listening on Syslog Socket.
[   50.189928] systemd[1]: Starting Journal Service...
         Starting Journal Service...
[   50.365736] systemd[1]: Starting Create list of required static device nodes for the current kernel...
         Starting Create list of required st... nodes for the current kernel...
[   50.638939] systemd[1]: Listening on udev Kernel Socket.
[[0;32m  OK  [0m] Listening on udev Kernel Socket.
[   50.640888] systemd[1]: Listening on Device-mapper event daemon FIFOs.
[[0;32m  OK  [0m] Listening on Device-mapper event daemon FIFOs.
[   50.643049] systemd[1]: Listening on LVM2 metadata daemon socket.
[[0;32m  OK  [0m] Listening on LVM2 metadata daemon socket.
[   50.646957] systemd[1]: Starting Monitoring of LVM2 mirrors, snapshots etc. using dmeventd or progress polling...
         Starting Monitoring of LVM2 mirrors... dmeventd or progress polling...
[   50.653872] systemd[1]: Set up automount Arbitrary Executable File Formats File System Automount Point.
[[0;32m  OK  [0m] Set up automount Arbitrary Executab...ats File System Automount Point.
[   50.789818] systemd[1]: Mounting Debug File System...
         Mounting Debug File System...
[   50.901872] systemd[1]: Starting Uncomplicated firewall...
         Starting Uncomplicated firewall...
[   50.979175] systemd[1]: Mounted POSIX Message Queue File System.
[[0;32m  OK  [0m] Mounted POSIX Message Queue File System.
[   51.055690] systemd[1]: Mounted Huge Pages File System.
[[0;32m  OK  [0m] Mounted Huge Pages File System.
[   51.058433] systemd[1]: Mounted Debug File System.
[[0;32m  OK  [0m] Mounted Debug File System.
[ 51220]ysemd[1]: Started Journal Service.
[[0;32m  OK  [0m] Started Journal Service.
[[0;32m  OK  [0m] Started Set console keymap.
[[0;32m  OK  [0m] Started Load Kernel Modules.
[[0;32m  OK  [0m] Started Remount Root and Kernel File Systems.
[[0;32m  OK  [0m] Started Create list of required sta...ce nodes for the current kernel.
[[0;32m  OK  [0m] Started Uncomplicated firewall.
[[0;32m  OK  [0m] Started Nameserver information manager.
[[0;32m  OK  [0m] Started LVM2 metadata daemon.
         Starting Create Static Device Nodes in /dev...
         Starting udev Coldplug all Devices...
         Starting Load/Save Random Seed...
         Starting Initial cloud-init job (pre-networking)...
         Mounting FUSE Control File System...
         Starting Apply Kernel Variables...
         Starting Flush Journal to Persistent Storage...
[[0;32m  OK  [0m] Mounted FUSE Control File System.
[[0;32m  OK  [0m] Started Create Static Device Nodes in /dev.
[[0;32m  OK  [0m] Started Load/Save Random Seed.
[[0;32m  OK  [0m] Started Monitoring of LVM2 mirrors,...ng dmeventd or progress polling.
[[0;32m  OK  [0m] Started Apply Kernel Variables.
[[0;32m  OK  [0m] Started udev Coldplug all Devices.
[[0;32m  OK  [0m] Started Flush Journal to Persistent Storage.
         Starting udev Kernel Device Manager...
[[0;32m  OK  [0m] Started udev Kernel Device Manager.
[[0;32m  OK  [0m] Started Dispatch Password Requests to Console Directory Watch.
[[0;32m  OK  [0m] Reached target Local File Systems (Pre).
[[0;32m  OK  [0m] Reached target Local File Systems.
         Starting Create Volatile Files and Directories...
         Starting Set console font and keymap...
         Startin[   53.247044] intel_rapl: no valid rapl domains found in package 0
g LSB: AppArmor initialization...
[   53.378711] intel_rapl: no valid rapl domains found in package 0
         Starting Tell Plymouth To Write Out Runtime Data...
[[0;32m  OK  [0m] Started Create Volatile Files and Directories.
[   38.190116] cloud-init[465]: Cloud-init v. 17.1 running 'init-local' at Tue, 23 Jan 2018 20:09:32 +0000. Up 37.05 seconds.
[[0;32m  OK  [0m] Started Tell Plymouth To Write Out Runtime Data.
[[0;32m  OK  [0m] Started Initial cloud-init job (pre-networking).
[[0;32m  OK  [0m] Started Set console font and keymap.
[[0;32m  OK  [0m] Found device /dev/ttyS0.
[[0;32m  OK  [0m] Reached target Sound Card.
[[0;32m  OK  [0m] Listening on Load/Save RF Kill Switch Status /dev/rfkill Watch.
[[0;32m  OK  [0m] Created slice system-getty.slice.
[[0;32m  OK  [0m] Reached target Network (Pre).
         Starting Update UTMP about System Boot/Shutdown...
[[0;32m  OK  [0m] Started Update UTMP about System Boot/Shutdown.
[[0;32m  OK  [0m] Started LSB: AppArmor initialization.
[[0;32m  OK  [0m] Started ifup for enp0s3.
         Starting Raise network interfaces...
[[0;32m  OK  [0m] Started ifup for enp0s8.
[[0;32m  OK  [0m] Started Raise network interfaces.
         Starting Initial cloud-init job (metadata service crawler)...
[[0;32m  OK  [0m] Reached target Network.
[   41.410450] cloud-init[1068]: Cloud-init v. 17.1 running 'init' at Tue, 23 Jan 2018 20:09:36 +0000. Up 40.90 seconds.
[   41.456213] cloud-init[1068]: ci-info: ++++++++++++++++++++++++++++++++++++++Net device info++++++++++++++++++++++++++++++++++++++
[   41.520459] cloud-init[1068]: ci-info: +--------+------+-----------------------------+---------------+-------+-------------------+
[   41.535079] cloud-init[1068]: ci-info: | Device |  Up  |           Address           |      Mask     | Scope |     Hw-Address    |
[   41.535265] cloud-init[1068]: ci-info: +--------+------+-----------------------------+---------------+-------+-------------------+
[   41.535855] cloud-init[1068]: ci-info: | enp0s3 | True |          10.0.2.15          | 255.255.255.0 |   .   | 02:38:07:4c:82:85 |
[   41.536443] cloud-init[1068]: ci-info: | enp0s3 | True |  fe80::38:7ff:fe4c:8285/64  |       .       |  link | 02:38:07:4c:82:85 |
[[0;32m  OK  [0m] Started Initial cloud-init job (metadata service crawler).
[   41.536798] cloud-init[1068]: ci-info: | enp0s8 | True |         192.168.50.4        | 255.255.255.0 |   .   | 08:00:27:e0:de:0c |
[   41.606921] cloud-init[1068]: ci-info: | enp0s8 | True | fe80::a00:27ff:fee0:de0c/64 |       .       |  link | 08:00:27:e0:de:0c |
[[0;32m  OK  [0m] Reached target Network is Online.
[   41.607205] cloud-init[1068]: ci-info: |   lo   | True |          127.0.0.1          |   255.0.0.0   |   .   |         .         |
[   41.648416] cloud-init[1068]: ci-info: |   lo   | True |           ::1/128           |       .       |  host |         .         |
[   41.648666] cloud-init[1068]: ci-info: +--------+------+-----------------------------+---------------+-------+-------------------+
         Starting iSCSI initiator daemon (iscsid)...
[[   41.648761] cloud-init[1068]: ci-info: ++++++++++++++++++++++++++++Route IPv4 info++++++++++++++++++++++++++++
[   41.738087] cloud-init[1068]: ci-info: +-------+--------------+----------+---------------+-----------+-------+
[   41.738461] cloud-init[1068]: ci-info: | Route | Destination  | Gateway  |    Genmask    | Interface | Flags |
[   41.738741] cloud-init[1068]: ci-info: +-------+--------------+----------+---------------+-----------+-------+
[   41.739018] cloud-init[1068]: ci-info: |   0   |   0.0.0.0    | 10.0.2.2 |    0.0.0.0    |   enp0s3  |   UG  |
[   41.739304] cloud-init[1068]: ci-info: |   1   |   10.0.2.0   | 0.0.0.0  | 255.255.255.0 |   enp0s3  |   U   |
[   41.739456] cloud-init[1068]: ci-info: |   2   | 192.168.50.0 | 0.0.0.0  | 255.255.255.0 |   enp0s8  |   U   |
[   41.739856] cloud-init[1068]: ci-info: +-------+--------------+----------+---------------+-----------+-------+
[0;32m  OK  [0m] Reached target System Initialization.
[[0;32m  OK  [0m] Listening on D-Bus System Message Bus Socket.
[[0;32m  OK  [0m] Started Daily apt download activities.
[[0;32m  OK  [0m] Started Timer to automatically refresh installed snaps.
[[0;32m  OK  [0m] Started Daily apt upgrade and clean activities.
         Starting LXD - unix socket.
         Starting Socket activation for snappy daemon.
         Starting Docker Socket for the API.
[[0;32m  OK  [0m] Started ACPI Events Check.
[[0;32m  OK  [0m] Reached target Paths.
[[0;32m  OK  [0m] Listening on ACPID Listen Socket.
[[0;32m  OK  [0m] Listening on UUID daemon activation socket.
[[0;32m  OK  [0m] Started Daily Cleanup of Temporary Directories.
[[0;32m  OK  [0m] Reached target Timers.
[[0;32m  OK  [0m] Reached target Cloud-config availability.
[[0;32m  OK  [0m] Listening on LXD - unix socket.
[[0;32m  OK  [0m] Listening on Socket activation for snappy daemon.
[[0;32m  OK  [0m] Listening on Docker Socket for the API.
[[0;32m  OK  [0m] Started iSCSI initiator daemon (iscsid).
         Starting Login to default iSCSI targets...
[[0;32m  OK  [0m] Reached target Sockets.
[[0;32m  OK  [0m] Reached target Basic System.
[[0;32m  OK  [0m] Started ACPI event daemon.
         Starting LSB: Record successful boot for GRUB...
         Starting Login Service...
         Starting System Logging Service...
[[0;32m  OK  [0m] Started Regular background program processing daemon.
[[0;32m  OK  [0m] Started Unattended Upgrades Shutdown.
[[0;32m  OK  [0m] Started FUSE filesystem for LXC.
         Starting Accounts Service...
         Starting vboxadd.service...
[[0;32m  OK  [0m] Started Deferred execution scheduler.
         Starting /etc/rc.local Compatibility...
         Starting OpenBSD Secure Shell server...
         Starting Snappy daemon...
         Starting LSB: MD monitoring daemon...
         Starting Docker Application Container Engine...
[[0;32m  OK  [0m] Started D-Bus System Message Bus.
         Starting Apply the settings specified in cloud-config...
         Starting LXD - container startup/shutdown...
[[0;32m  OK  [0m] Started System Logging Service.
[[0;32m  OK  [0m] Started OpenBSD Secure Shell server.
[[0;32m  OK  [0m] Started Snappy daemon.
[[0;32m  OK  [0m] Started /etc/rc.local Compatibility.
[[0;32m  OK  [0m] Started LSB: Record successful boot for GRUB.
[[0;32m  OK  [0m] Started LSB: MD monitoring daemon.
[[0;32m  OK  [0m] Started vboxadd.service.
[[0;32m  OK  [0m] Started LXD - container startup/shutdown.
[[0;32m  OK  [0m] Started Login to default iSCSI targets.
[[0;32m  OK  [0m] Started Login Service.
         Starting Authenticate and Authorize Users to Run Privileged Tasks...
[[0;32m  OK  [0m] Reached target Remote File Systems (Pre).
[[0;32m  OK  [0m] Reached target Remote File Systems.
[   43.805961] cloud-init[1183]: Cloud-init v. 17.1 running 'modules:config' at Tue, 23 Jan 2018 20:09:39 +0000. Up 43.57 seconds.
         Starting Permit User Sessions...
         Starting LSB: daemon to balance interrupts for SMP systems...
         Starting LSB: automatic crash report generation...
         Starting LSB: Set up cgroupfs mounts....
         Starting LSB: Set the CPU Frequency Scaling governor to "ondemand"...
         Starting LSB: Apache2 web server...
         Starting vboxadd-service.service...
[[0;32m  OK  [0m] Started Apply the settings specified in cloud-config.
[[0;32m  OK  [0m] Started Permit User Sessions.
[[0;32m  OK  [0m] Started LSB: Set up cgroupfs mounts..
[[0;32m  OK  [0m] Started vboxadd-service.service.
[[0;32m  OK  [0m] Started Authenticate and Authorize Users to Run Privileged Tasks.
[[0;32m  OK  [0m] Started Accounts Service.
[[0;32m  OK  [0m] Started LSB: Set the CPU Frequency Scaling governor to "ondemand".
[[0;32m  OK  [0m] Started LSB: daemon to balance interrupts for SMP systems.
[[0;32m  OK  [0m] Started LSB: automatic crash report generation.
[[0;32m  OK  [0m] Created slice User Slice of vagrant.
[[0;32m  OK  [0m] Started Session 1 of user vagrant.
         Starting User Manager for UID 1000...
         Starting Hold until boot process finishes up...
         Starting Terminate Plymouth Boot Screen...
[[0;32m  OK  [0m] Started User Manager for UID 1000.
[[0;32m  OK  [0m] Started Hold until boot process finishes up.
[[0;32m  OK  [0m] Started LSB: Apache2 web server.
[[0;32m  OK  [0m] Started Terminate Plymouth Boot Screen.
         Starting Set console scheme...
[[0;32m  OK  [0m] Started Getty on tty1.
[[0;32m  OK  [0m] Started Serial Getty on ttyS0.
[[0;32m  OK  [0m] Reached target Login Prompts.
[[0;32m  OK  [0m] Started Set console scheme.
[[0;32m  OK  [0m] Started Docker Application Container Engine.
[[0;32m  OK  [0m] Reached target Multi-User System.
[[0;32m  OK  [0m] Reached target Graphical Interface.
         Starting Update UTMP about System Runlevel Changes...
         Starting Execute cloud user/final scripts...
[[0;32m  OK  [0m] Started Update UTMP about System Runlevel Changes.
[   47.501683] cloud-init[1902]: Cloud-init v. 17.1 running 'modules:final' at Tue, 23 Jan 2018 20:09:43 +0000. Up 47.28 seconds.
[   47.532037] cloud-init[1902]: Cloud-init v. 17.1 finished at Tue, 23 Jan 2018 20:09:43 +0000. Datasource DataSourceNoCloud [seed=/dev/sdb][dsmode=net].  Up 47.49 seconds
[[0;32m  OK  [0m] Started Execute cloud user/final scripts.
         Starting Daily apt download activities...
[[0;32m  OK  [0m] Reached target Cloud-init target.

Ubuntu 16.04.3 LTS ubuntu-xenial ttyS0

ubuntu-xenial login: 